This is pdfTeX, Version 3.14159265-2.6-1.40.21 (MiKTeX 2.9.7400 64-bit) (preloaded format=pdflatex 2020.4.20)  29 SEP 2020 11:26
entering extended mode
**./OOParallel.tex
(OOParallel.tex
LaTeX2e <2020-02-02> patch level 5
L3 programming layer <2020-04-06> (interact.cls
Document Class: interact 2017/07/31 v1.05 Interact LaTeX document class
("C:\Program Files\MiKTeX 2.9\tex/latex/base\article.cls"
Document Class: article 2019/12/20 v1.4l Standard LaTeX document class
("C:\Program Files\MiKTeX 2.9\tex/latex/base\size11.clo"
File: size11.clo 2019/12/20 v1.4l Standard LaTeX file (size option)
)
\c@part=\count167
\c@section=\count168
\c@subsection=\count169
\c@subsubsection=\count170
\c@paragraph=\count171
\c@subparagraph=\count172
\c@figure=\count173
\c@table=\count174
\abovecaptionskip=\skip47
\belowcaptionskip=\skip48
\bibindent=\dimen134
)
("C:\Program Files\MiKTeX 2.9\tex/latex/amsmath\amsmath.sty"
Package: amsmath 2020/01/20 v2.17e AMS math features
\@mathmargin=\skip49

For additional information on amsmath, use the `?' option.
("C:\Program Files\MiKTeX 2.9\tex/latex/amsmath\amstext.sty"
Package: amstext 2000/06/29 v2.01 AMS text

("C:\Program Files\MiKTeX 2.9\tex/latex/amsmath\amsgen.sty"
File: amsgen.sty 1999/11/30 v2.0 generic functions
\@emptytoks=\toks15
\ex@=\dimen135
))
("C:\Program Files\MiKTeX 2.9\tex/latex/amsmath\amsbsy.sty"
Package: amsbsy 1999/11/29 v1.2d Bold Symbols
\pmbraise@=\dimen136
)
("C:\Program Files\MiKTeX 2.9\tex/latex/amsmath\amsopn.sty"
Package: amsopn 2016/03/08 v2.02 operator names
)
\inf@bad=\count175
LaTeX Info: Redefining \frac on input line 227.
\uproot@=\count176
\leftroot@=\count177
LaTeX Info: Redefining \overline on input line 389.
\classnum@=\count178
\DOTSCASE@=\count179
LaTeX Info: Redefining \ldots on input line 486.
LaTeX Info: Redefining \dots on input line 489.
LaTeX Info: Redefining \cdots on input line 610.
\Mathstrutbox@=\box45
\strutbox@=\box46
\big@size=\dimen137
LaTeX Font Info:    Redeclaring font encoding OML on input line 733.
LaTeX Font Info:    Redeclaring font encoding OMS on input line 734.
\macc@depth=\count180
\c@MaxMatrixCols=\count181
\dotsspace@=\muskip16
\c@parentequation=\count182
\dspbrk@lvl=\count183
\tag@help=\toks16
\row@=\count184
\column@=\count185
\maxfields@=\count186
\andhelp@=\toks17
\eqnshift@=\dimen138
\alignsep@=\dimen139
\tagshift@=\dimen140
\tagwidth@=\dimen141
\totwidth@=\dimen142
\lineht@=\dimen143
\@envbody=\toks18
\multlinegap=\skip50
\multlinetaggap=\skip51
\mathdisplay@stack=\toks19
LaTeX Info: Redefining \[ on input line 2859.
LaTeX Info: Redefining \] on input line 2860.
)
("C:\Program Files\MiKTeX 2.9\tex/latex/amsfonts\amssymb.sty"
Package: amssymb 2013/01/14 v3.01 AMS font symbols

("C:\Program Files\MiKTeX 2.9\tex/latex/amsfonts\amsfonts.sty"
Package: amsfonts 2013/01/14 v3.01 Basic AMSFonts support
\symAMSa=\mathgroup4
\symAMSb=\mathgroup5
LaTeX Font Info:    Redeclaring math symbol \hbar on input line 98.
LaTeX Font Info:    Overwriting math alphabet `\mathfrak' in version `bold'
(Font)                  U/euf/m/n --> U/euf/b/n on input line 106.
))
("C:\Program Files\MiKTeX 2.9\tex/latex/amscls\amsthm.sty"
Package: amsthm 2017/10/31 v2.20.4
\thm@style=\toks20
\thm@bodyfont=\toks21
\thm@headfont=\toks22
\thm@notefont=\toks23
\thm@headpunct=\toks24
\thm@preskip=\skip52
\thm@postskip=\skip53
\thm@headsep=\skip54
\dth@everypar=\toks25
) (booktabs.sty
Package: booktabs 2005/04/14 v1.61803 publication quality tables
\heavyrulewidth=\dimen144
\lightrulewidth=\dimen145
\cmidrulewidth=\dimen146
\belowrulesep=\dimen147
\belowbottomsep=\dimen148
\aboverulesep=\dimen149
\abovetopsep=\dimen150
\cmidrulesep=\dimen151
\cmidrulekern=\dimen152
\defaultaddspace=\dimen153
\@cmidla=\count187
\@cmidlb=\count188
\@aboverulesep=\dimen154
\@belowrulesep=\dimen155
\@thisruleclass=\count189
\@lastruleclass=\count190
\@thisrulewidth=\dimen156
)
(epsfig.sty
Package: epsfig 1999/02/16 v1.7a (e)psfig emulation (SPQR)
 ("C:\Program Files\MiKTeX 2.9\tex/latex/graphics\graphicx.sty"
Package: graphicx 2019/11/30 v1.2a Enhanced LaTeX Graphics (DPC,SPQR)

("C:\Program Files\MiKTeX 2.9\tex/latex/graphics\keyval.sty"
Package: keyval 2014/10/28 v1.15 key=value parser (DPC)
\KV@toks@=\toks26
)
("C:\Program Files\MiKTeX 2.9\tex/latex/graphics\graphics.sty"
Package: graphics 2019/11/30 v1.4a Standard LaTeX Graphics (DPC,SPQR)

("C:\Program Files\MiKTeX 2.9\tex/latex/graphics\trig.sty"
Package: trig 2016/01/03 v1.10 sin cos tan (DPC)
)
("C:\Program Files\MiKTeX 2.9\tex/latex/graphics-cfg\graphics.cfg"
File: graphics.cfg 2016/06/04 v1.11 sample graphics configuration
)
Package graphics Info: Driver file: pdftex.def on input line 105.

("C:\Program Files\MiKTeX 2.9\tex/latex/graphics-def\pdftex.def"
File: pdftex.def 2018/01/08 v1.0l Graphics/color driver for pdftex
))
\Gin@req@height=\dimen157
\Gin@req@width=\dimen158
)
\epsfxsize=\dimen159
\epsfysize=\dimen160
)
(rotating.sty
Package: rotating 1997/09/26, v2.13 Rotation package
 ("C:\Program Files\MiKTeX 2.9\tex/latex/base\ifthen.sty"
Package: ifthen 2014/09/29 v1.1c Standard LaTeX ifthen package (DPC)
)
\c@r@tfl@t=\count191
\rot@float@box=\box47
)
("C:\Program Files\MiKTeX 2.9\tex/latex/geometry\geometry.sty"
Package: geometry 2020/01/02 v5.9 Page Geometry

("C:\Program Files\MiKTeX 2.9\tex/generic/iftex\ifvtex.sty"
Package: ifvtex 2019/10/25 v1.7 ifvtex legacy package. Use iftex instead.

("C:\Program Files\MiKTeX 2.9\tex/generic/iftex\iftex.sty"
Package: iftex 2020/03/06 v1.0d TeX engine tests
))
\Gm@cnth=\count192
\Gm@cntv=\count193
\c@Gm@tempcnt=\count194
\Gm@bindingoffset=\dimen161
\Gm@wd@mp=\dimen162
\Gm@odd@mp=\dimen163
\Gm@even@mp=\dimen164
\Gm@layoutwidth=\dimen165
\Gm@layoutheight=\dimen166
\Gm@layouthoffset=\dimen167
\Gm@layoutvoffset=\dimen168
\Gm@dimlist=\toks27

("C:\Program Files\MiKTeX 2.9\tex/latex/geometry\geometry.cfg"))
\c@mv@upright=\count195
\c@mv@boldupright=\count196
LaTeX Font Info:    Overwriting symbol font `letters' in version `upright'
(Font)                  OML/cmm/m/it --> OML/eur/m/n on input line 163.
LaTeX Font Info:    Overwriting symbol font `letters' in version `boldupright'
(Font)                  OML/cmm/m/it --> OML/eur/b/n on input line 164.
\LabelSep=\dimen169
\TopSep=\skip55
\figheight=\dimen170
\figwidth=\dimen171
\tabledim=\dimen172
)
("C:\Program Files\MiKTeX 2.9\tex/latex/epstopdf-pkg\epstopdf.sty"
Package: epstopdf 2020-01-24 v2.11 Conversion with epstopdf on the fly (HO)

("C:\Program Files\MiKTeX 2.9\tex/generic/infwarerr\infwarerr.sty"
Package: infwarerr 2019/12/03 v1.5 Providing info/warning/error messages (HO)
)
("C:\Program Files\MiKTeX 2.9\tex/latex/grfext\grfext.sty"
Package: grfext 2019/12/03 v1.3 Manage graphics extensions (HO)

("C:\Program Files\MiKTeX 2.9\tex/generic/kvdefinekeys\kvdefinekeys.sty"
Package: kvdefinekeys 2019-12-19 v1.6 Define keys (HO)
))
("C:\Program Files\MiKTeX 2.9\tex/latex/kvoptions\kvoptions.sty"
Package: kvoptions 2019/11/29 v3.13 Key value format for package options (HO)

("C:\Program Files\MiKTeX 2.9\tex/generic/ltxcmds\ltxcmds.sty"
Package: ltxcmds 2019/12/15 v1.24 LaTeX kernel commands for general use (HO)
)
("C:\Program Files\MiKTeX 2.9\tex/generic/kvsetkeys\kvsetkeys.sty"
Package: kvsetkeys 2019/12/15 v1.18 Key value parser (HO)
))
("C:\Program Files\MiKTeX 2.9\tex/latex/pdftexcmds\pdftexcmds.sty"
Package: pdftexcmds 2019/11/24 v0.31 Utility functions of pdfTeX for LuaTeX (HO
)
Package pdftexcmds Info: \pdf@primitive is available.
Package pdftexcmds Info: \pdf@ifprimitive is available.
Package pdftexcmds Info: \pdfdraftmode found.
)
("C:\Program Files\MiKTeX 2.9\tex/latex/epstopdf-pkg\epstopdf-base.sty"
Package: epstopdf-base 2020-01-24 v2.11 Base part for package epstopdf
Package epstopdf-base Info: Redefining graphics rule for `.eps' on input line 4
85.
Package grfext Info: Graphics extension search list:
(grfext)             [.pdf,.png,.jpg,.mps,.jpeg,.jbig2,.jb2,.PDF,.PNG,.JPG,.JPE
G,.JBIG2,.JB2,.eps]
(grfext)             \AppendGraphicsExtensions on input line 504.
))
(subfig.sty
Package: subfig 2005/06/28 ver: 1.3 subfig package
 ("C:\Program Files\MiKTeX 2.9\tex/latex/caption\caption3.sty"
Package: caption3 2020/01/03 v1.8h caption3 kernel (AR)
Package caption3 Info: TeX engine: e-TeX on input line 61.
\captionmargin=\dimen173
\captionmargin@=\dimen174
\captionwidth=\dimen175
\caption@tempdima=\dimen176
\caption@indent=\dimen177
\caption@parindent=\dimen178
\caption@hangindent=\dimen179
Package caption Info: Unknown document class (or package),
(caption)             standard defaults will be used.
Package caption Info: \@makecaption = \long macro:#1#2->\ifx \FigName \@captype
 \vskip \abovecaptionskip \setbox \@tempboxa \hbox {\figcaptionfont {\fignumfon
t #1}\hskip 4pt#2}\ifdim \wd \@tempboxa >\hsize {\figcaptionfont \noindent {\fi
gnumfont #1}\hskip 7pt\ignorespaces #2\par }\else \global \@minipagefalse \hb@x
t@ \hsize {\hfil \box \@tempboxa \hfil }\fi \else {\tablecaptionfont {\tablenum
font #1}\hskip 7pt\ignorespaces {#2}\par }\vskip \belowcaptionskip \fi  on inpu
t line 1082.
)
\c@KVtest=\count197
\sf@farskip=\skip56
\sf@captopadj=\dimen180
\sf@capskip=\skip57
\sf@nearskip=\skip58
\c@subfigure=\count198
\c@subfigure@save=\count199
\c@lofdepth=\count266
\c@subtable=\count267
\c@subtable@save=\count268
\c@lotdepth=\count269
\sf@top=\skip59
\sf@bottom=\skip60
)
(natbib.sty
Package: natbib 2010/09/13 8.31b (PWD, AO)
\bibhang=\skip61
\bibsep=\skip62
LaTeX Info: Redefining \cite on input line 694.
\c@NAT@ctr=\count270
)
\c@theorem=\count271
\c@remark=\count272
\c@notation=\count273
 ("C:\Program Files\MiKTeX 2.9\tex/latex/graphics\color.sty"
Package: color 2019/11/23 v1.2a Standard LaTeX Color (DPC)

("C:\Program Files\MiKTeX 2.9\tex/latex/graphics-cfg\color.cfg"
File: color.cfg 2016/01/02 v1.6 sample color configuration
)
Package color Info: Driver file: pdftex.def on input line 147.
)
("C:\Program Files\MiKTeX 2.9\tex/latex/listings\listings.sty"
\lst@mode=\count274
\lst@gtempboxa=\box48
\lst@token=\toks28
\lst@length=\count275
\lst@currlwidth=\dimen181
\lst@column=\count276
\lst@pos=\count277
\lst@lostspace=\dimen182
\lst@width=\dimen183
\lst@newlines=\count278
\lst@lineno=\count279
\lst@maxwidth=\dimen184

("C:\Program Files\MiKTeX 2.9\tex/latex/listings\lstmisc.sty"
File: lstmisc.sty 2020/03/24 1.8d (Carsten Heinz)
\c@lstnumber=\count280
\lst@skipnumbers=\count281
\lst@framebox=\box49
)
("C:\Program Files\MiKTeX 2.9\tex/latex/listings\listings.cfg"
File: listings.cfg 2020/03/24 1.8d listings configuration
))
Package: listings 2020/03/24 1.8d (Carsten Heinz)

(listings-modelica.cfg)
("C:\Program Files\MiKTeX 2.9\tex/latex/l3backend\l3backend-pdfmode.def"
File: l3backend-pdfmode.def 2020-03-12 L3 backend support: PDF mode
\l__kernel_color_stack_int=\count282
\l__pdf_internal_box=\box50
)
(OOParallel.aux)
\openout1 = `OOParallel.aux'.

LaTeX Font Info:    Checking defaults for OML/cmm/m/it on input line 36.
LaTeX Font Info:    ... okay on input line 36.
LaTeX Font Info:    Checking defaults for OMS/cmsy/m/n on input line 36.
LaTeX Font Info:    ... okay on input line 36.
LaTeX Font Info:    Checking defaults for OT1/cmr/m/n on input line 36.
LaTeX Font Info:    ... okay on input line 36.
LaTeX Font Info:    Checking defaults for T1/cmr/m/n on input line 36.
LaTeX Font Info:    ... okay on input line 36.
LaTeX Font Info:    Checking defaults for TS1/cmr/m/n on input line 36.
LaTeX Font Info:    ... okay on input line 36.
LaTeX Font Info:    Checking defaults for OMX/cmex/m/n on input line 36.
LaTeX Font Info:    ... okay on input line 36.
LaTeX Font Info:    Checking defaults for U/cmr/m/n on input line 36.
LaTeX Font Info:    ... okay on input line 36.

("C:\Program Files\MiKTeX 2.9\tex/context/base/mkii\supp-pdf.mkii"
[Loading MPS to PDF converter (version 2006.09.02).]
\scratchcounter=\count283
\scratchdimen=\dimen185
\scratchbox=\box51
\nofMPsegments=\count284
\nofMParguments=\count285
\everyMPshowfont=\toks29
\MPscratchCnt=\count286
\MPscratchDim=\dimen186
\MPnumerator=\count287
\makeMPintoPDFobject=\count288
\everyMPtoPDFconversion=\toks30
)
*geometry* driver: auto-detecting
*geometry* detected driver: pdftex
*geometry* verbose mode - [ preamble ] result:
* driver: pdftex
* paper: <default>
* layout: <same size as paper>
* layoutoffset:(h,v)=(0.0pt,0.0pt)
* modes: 
* h-part:(L,W,R)=(94.75394pt, 408.0pt, 94.75394pt)
* v-part:(T,H,B)=(78.01874pt, 650.0pt, 117.0281pt)
* \paperwidth=597.50787pt
* \paperheight=845.04684pt
* \textwidth=408.0pt
* \textheight=650.0pt
* \oddsidemargin=22.48395pt
* \evensidemargin=22.48395pt
* \topmargin=-31.25125pt
* \headheight=12.0pt
* \headsep=25.0pt
* \topskip=11.0pt
* \footskip=30.0pt
* \marginparwidth=50.0pt
* \marginparsep=10.0pt
* \columnsep=12.0pt
* \skip\footins=10.0pt plus 4.0pt minus 2.0pt
* \hoffset=0.0pt
* \voffset=0.0pt
* \mag=1000
* \@twocolumnfalse
* \@twosidefalse
* \@mparswitchfalse
* \@reversemarginfalse
* (1in=72.27pt=25.4mm, 1cm=28.453pt)

Package caption Info: Begin \AtBeginDocument code.
Package caption Info: subfig package v1.3 is loaded.
Package caption Info: End \AtBeginDocument code.
\c@lstlisting=\count289

LaTeX Font Warning: Font shape `OT1/cmr/m/n' in size <13> not available
(Font)              size <12> substituted on input line 47.


LaTeX Font Warning: Font shape `OT1/cmr/bx/n' in size <13> not available
(Font)              size <12> substituted on input line 47.

LaTeX Font Info:    Calculating math sizes for size <11> on input line 47.

LaTeX Font Warning: Font shape `OT1/cmr/m/n' in size <5.5> not available
(Font)              size <5> substituted on input line 47.


LaTeX Font Warning: Font shape `OML/cmm/m/it' in size <5.5> not available
(Font)              size <5> substituted on input line 47.


LaTeX Font Warning: Font shape `OMS/cmsy/m/n' in size <5.5> not available
(Font)              size <5> substituted on input line 47.

LaTeX Font Info:    Trying to load font information for U+msa on input line 47.

("C:\Program Files\MiKTeX 2.9\tex/latex/amsfonts\umsa.fd"
File: umsa.fd 2013/01/14 v3.01 AMS symbols A
)
LaTeX Font Info:    Trying to load font information for U+msb on input line 47.


("C:\Program Files\MiKTeX 2.9\tex/latex/amsfonts\umsb.fd"
File: umsb.fd 2013/01/14 v3.01 AMS symbols B
)
Underfull \hbox (badness 10000) in paragraph at lines 49--50
  
 []

[1



{C:/Users/jackj/AppData/Local/MiKTeX/2.9/pdftex/config/pdftex.map}] [2]
<./images/Deltacon_picture.png, id=16, 512.66531pt x 532.23843pt>
File: ./images/Deltacon_picture.png Graphic file (type png)
<use ./images/Deltacon_picture.png>
Package pdftex.def Info: ./images/Deltacon_picture.png  used on input line 100.

(pdftex.def)             Requested size: 512.66405pt x 532.23712pt.


pdfTeX warning: pdflatex.exe (file ./images/Deltacon_kinematics.pdf): PDF inclu
sion: found PDF version <1.6>, but at most version <1.5> allowed
<./images/Deltacon_kinematics.pdf, id=18, 514.92375pt x 490.83376pt>
File: ./images/Deltacon_kinematics.pdf Graphic file (type pdf)
<use ./images/Deltacon_kinematics.pdf>
Package pdftex.def Info: ./images/Deltacon_kinematics.pdf  used on input line 1
02.
(pdftex.def)             Requested size: 514.92249pt x 490.83255pt.


pdfTeX warning: pdflatex.exe (file ./images/Delta_robot_Modelica_top_level.pdf)
: PDF inclusion: found PDF version <1.6>, but at most version <1.5> allowed
<./images/Delta_robot_Modelica_top_level.pdf, id=19, 365.365pt x 332.24126pt>
File: ./images/Delta_robot_Modelica_top_level.pdf Graphic file (type pdf)
<use ./images/Delta_robot_Modelica_top_level.pdf>
Package pdftex.def Info: ./images/Delta_robot_Modelica_top_level.pdf  used on i
nput line 112.
(pdftex.def)             Requested size: 365.3641pt x 332.24043pt.


pdfTeX warning: pdflatex.exe (file ./images/Delta_robot_Modelica_legs.pdf): PDF
 inclusion: found PDF version <1.6>, but at most version <1.5> allowed
<./images/Delta_robot_Modelica_legs.pdf, id=20, 306.14375pt x 348.30125pt>
File: ./images/Delta_robot_Modelica_legs.pdf Graphic file (type pdf)
<use ./images/Delta_robot_Modelica_legs.pdf>
Package pdftex.def Info: ./images/Delta_robot_Modelica_legs.pdf  used on input 
line 114.
(pdftex.def)             Requested size: 306.14299pt x 348.3004pt.
[3] [4 <./images/Deltacon_picture.png> <./images/Deltacon_kinematics.pdf> <./im
ages/Delta_robot_Modelica_top_level.pdf

pdfTeX warning: pdflatex.exe (file ./images/Delta_robot_Modelica_top_level.pdf)
: PDF inclusion: multiple pdfs with page group included in a single page
> <./images/Delta_robot_Modelica_legs.pdf

pdfTeX warning: pdflatex.exe (file ./images/Delta_robot_Modelica_legs.pdf): PDF
 inclusion: multiple pdfs with page group included in a single page
>]
LaTeX Font Info:    Font shape `OT1/cmtt/bx/n' in size <11> not available
(Font)              Font shape `OT1/cmtt/m/n' tried instead on input line 119.


pdfTeX warning: pdflatex.exe (file ./images/Delta_robot_Actuator.pdf): PDF incl
usion: found PDF version <1.6>, but at most version <1.5> allowed
<./images/Delta_robot_Actuator.pdf, id=86, 246.9225pt x 323.2075pt>
File: ./images/Delta_robot_Actuator.pdf Graphic file (type pdf)
<use ./images/Delta_robot_Actuator.pdf>
Package pdftex.def Info: ./images/Delta_robot_Actuator.pdf  used on input line 
130.
(pdftex.def)             Requested size: 246.92188pt x 323.20671pt.


pdfTeX warning: pdflatex.exe (file ./images/Delta_robot_Parallelogram.pdf): PDF
 inclusion: found PDF version <1.6>, but at most version <1.5> allowed
<./images/Delta_robot_Parallelogram.pdf, id=87, 254.9525pt x 357.335pt>
File: ./images/Delta_robot_Parallelogram.pdf Graphic file (type pdf)
<use ./images/Delta_robot_Parallelogram.pdf>
Package pdftex.def Info: ./images/Delta_robot_Parallelogram.pdf  used on input 
line 132.
(pdftex.def)             Requested size: 254.95186pt x 357.33412pt.


pdfTeX warning: pdflatex.exe (file ./images/Deltacon_base.pdf): PDF inclusion: 
found PDF version <1.6>, but at most version <1.5> allowed
<./images/Deltacon_base.pdf, id=88, 554.07pt x 481.8pt>
File: ./images/Deltacon_base.pdf Graphic file (type pdf)
<use ./images/Deltacon_base.pdf>
Package pdftex.def Info: ./images/Deltacon_base.pdf  used on input line 144.
(pdftex.def)             Requested size: 554.06865pt x 481.79881pt.


pdfTeX warning: pdflatex.exe (file ./images/Deltacon_platform.pdf): PDF inclusi
on: found PDF version <1.6>, but at most version <1.5> allowed
<./images/Deltacon_platform.pdf, id=89, 474.77374pt x 481.8pt>
File: ./images/Deltacon_platform.pdf Graphic file (type pdf)
<use ./images/Deltacon_platform.pdf>
Package pdftex.def Info: ./images/Deltacon_platform.pdf  used on input line 146
.
(pdftex.def)             Requested size: 474.77258pt x 481.79881pt.
[5 <./images/Delta_robot_Actuator.pdf> <./images/Delta_robot_Parallelogram.pdf

pdfTeX warning: pdflatex.exe (file ./images/Delta_robot_Parallelogram.pdf): PDF
 inclusion: multiple pdfs with page group included in a single page
>] [6 <./images/Deltacon_base.pdf> <./images/Deltacon_platform.pdf

pdfTeX warning: pdflatex.exe (file ./images/Deltacon_platform.pdf): PDF inclusi
on: multiple pdfs with page group included in a single page
>]
<./images/Stewart_photo.jpeg, id=198, 417.35925pt x 631.76025pt>
File: ./images/Stewart_photo.jpeg Graphic file (type jpg)
<use ./images/Stewart_photo.jpeg>
Package pdftex.def Info: ./images/Stewart_photo.jpeg  used on input line 182.
(pdftex.def)             Requested size: 417.35822pt x 631.7587pt.
<./images/Stewart_kinematics.png, id=199, 738.50906pt x 464.4853pt>
File: ./images/Stewart_kinematics.png Graphic file (type png)
<use ./images/Stewart_kinematics.png>
Package pdftex.def Info: ./images/Stewart_kinematics.png  used on input line 18
4.
(pdftex.def)             Requested size: 738.50726pt x 464.48418pt.


pdfTeX warning: pdflatex.exe (file ./images/Stewart_platform_Modelica_top_level
.pdf): PDF inclusion: found PDF version <1.6>, but at most version <1.5> allowe
d
<./images/Stewart_platform_Modelica_top_level.pdf, id=200, 352.31625pt x 297.11
pt>
File: ./images/Stewart_platform_Modelica_top_level.pdf Graphic file (type pdf)
<use ./images/Stewart_platform_Modelica_top_level.pdf>
Package pdftex.def Info: ./images/Stewart_platform_Modelica_top_level.pdf  used
 on input line 194.
(pdftex.def)             Requested size: 352.31538pt x 297.10927pt.


pdfTeX warning: pdflatex.exe (file ./images/Stewart_platform_Modelica_legs.pdf)
: PDF inclusion: found PDF version <1.6>, but at most version <1.5> allowed
<./images/Stewart_platform_Modelica_legs.pdf, id=201, 253.94875pt x 339.2675pt>

File: ./images/Stewart_platform_Modelica_legs.pdf Graphic file (type pdf)
<use ./images/Stewart_platform_Modelica_legs.pdf>
Package pdftex.def Info: ./images/Stewart_platform_Modelica_legs.pdf  used on i
nput line 196.
(pdftex.def)             Requested size: 253.94812pt x 339.26666pt.


pdfTeX warning: pdflatex.exe (file ./images/Stewart_platform_Modelica_leg.pdf):
 PDF inclusion: found PDF version <1.6>, but at most version <1.5> allowed
<./images/Stewart_platform_Modelica_leg.pdf, id=202, 426.59375pt x 405.515pt>
File: ./images/Stewart_platform_Modelica_leg.pdf Graphic file (type pdf)
<use ./images/Stewart_platform_Modelica_leg.pdf>
Package pdftex.def Info: ./images/Stewart_platform_Modelica_leg.pdf  used on in
put line 205.
(pdftex.def)             Requested size: 265.19751pt x 252.10971pt.


pdfTeX warning: pdflatex.exe (file ./images/Stewart_base.pdf): PDF inclusion: f
ound PDF version <1.6>, but at most version <1.5> allowed
<./images/Stewart_base.pdf, id=203, 582.175pt x 503.8825pt>
File: ./images/Stewart_base.pdf Graphic file (type pdf)
<use ./images/Stewart_base.pdf>
Package pdftex.def Info: ./images/Stewart_base.pdf  used on input line 239.
(pdftex.def)             Requested size: 582.17358pt x 503.88127pt.


pdfTeX warning: pdflatex.exe (file ./images/Stewart_platform.pdf): PDF inclusio
n: found PDF version <1.6>, but at most version <1.5> allowed
<./images/Stewart_platform.pdf, id=204, 583.17876pt x 503.8825pt>
File: ./images/Stewart_platform.pdf Graphic file (type pdf)
<use ./images/Stewart_platform.pdf>
Package pdftex.def Info: ./images/Stewart_platform.pdf  used on input line 241.

(pdftex.def)             Requested size: 583.17734pt x 503.88127pt.
[7 <./images/Stewart_photo.jpeg> <./images/Stewart_kinematics.png>] [8 <./image
s/Stewart_platform_Modelica_top_level.pdf> <./images/Stewart_platform_Modelica_
legs.pdf

pdfTeX warning: pdflatex.exe (file ./images/Stewart_platform_Modelica_legs.pdf)
: PDF inclusion: multiple pdfs with page group included in a single page
> <./images/Stewart_platform_Modelica_leg.pdf>] (OOParallel.bbl [9 <./images/St
ewart_base.pdf> <./images/Stewart_platform.pdf

pdfTeX warning: pdflatex.exe (file ./images/Stewart_platform.pdf): PDF inclusio
n: multiple pdfs with page group included in a single page
>]
Underfull \hbox (badness 6927) in paragraph at lines 75--78
[]\OT1/cmr/m/n/10 R.F. Abo-Shanab, \OT1/cmr/m/it/10 Dy-namic mod-el-ing of par-
al-lel ma-nip-u-la-tors based on La-
 []

[10]) [11] (OOParallel.aux)

LaTeX Font Warning: Size substitutions with differences
(Font)              up to 1.0pt have occurred.

 ) 
Here is how much of TeX's memory you used:
 6803 strings out of 480930
 96536 string characters out of 2909547
 343329 words of memory out of 3000000
 22562 multiletter control sequences out of 15000+200000
 542661 words of font info for 65 fonts, out of 3000000 for 9000
 1141 hyphenation exceptions out of 8191
 46i,10n,49p,1209b,1201s stack positions out of 5000i,500n,10000p,200000b,50000s
<C:/Program Files/MiKTeX 2.9/fonts/type1/public/amsfonts/cm/cmbx10.pfb><C:/Pr
ogram Files/MiKTeX 2.9/fonts/type1/public/amsfonts/cm/cmbx12.pfb><C:/Program Fi
les/MiKTeX 2.9/fonts/type1/public/amsfonts/cm/cmbx8.pfb><C:/Program Files/MiKTe
X 2.9/fonts/type1/public/amsfonts/cm/cmbx9.pfb><C:/Program Files/MiKTeX 2.9/fon
ts/type1/public/amsfonts/cm/cmmi10.pfb><C:/Program Files/MiKTeX 2.9/fonts/type1
/public/amsfonts/cm/cmmi8.pfb><C:/Program Files/MiKTeX 2.9/fonts/type1/public/a
msfonts/cm/cmr10.pfb><C:/Program Files/MiKTeX 2.9/fonts/type1/public/amsfonts/c
m/cmr7.pfb><C:/Program Files/MiKTeX 2.9/fonts/type1/public/amsfonts/cm/cmr8.pfb
><C:/Program Files/MiKTeX 2.9/fonts/type1/public/amsfonts/cm/cmr9.pfb><C:/Progr
am Files/MiKTeX 2.9/fonts/type1/public/amsfonts/cm/cmsy10.pfb><C:/Program Files
/MiKTeX 2.9/fonts/type1/public/amsfonts/cm/cmsy8.pfb><C:/Program Files/MiKTeX 2
.9/fonts/type1/public/amsfonts/cm/cmti10.pfb><C:/Program Files/MiKTeX 2.9/fonts
/type1/public/amsfonts/cm/cmtt10.pfb>
Output written on OOParallel.pdf (11 pages, 1722786 bytes).
PDF statistics:
 374 PDF objects out of 1000 (max. 8388607)
 0 named destinations out of 1000 (max. 500000)
 76 words of extra memory for PDF output out of 10000 (max. 10000000)

